<?xml version="1.0" encoding="UTF-8"?>
<!-- Generated by org.testng.reporters.JUnitReportReporter -->
<testsuite skipped="0" hostname="PBNHMYD" name="com.bmi.test.NewCommercialQuote" tests="8" failures="0" timestamp="03 Jul 2017 02:21:29 GMT" time="123.968" errors="0">
  <testcase name="StartBrowser" time="17.069" classname="com.bmi.test.NewCommercialQuote"/>
  <testcase name="navigateToQuoteCreation" time="7.469" classname="com.bmi.test.NewCommercialQuote"/>
  <testcase name="StartNewQuote" time="8.545" classname="com.bmi.test.NewCommercialQuote"/>
  <testcase name="FillSiteInfo" time="30.895" classname="com.bmi.test.NewCommercialQuote"/>
  <testcase name="selectServiceOfferings" time="35.302" classname="com.bmi.test.NewCommercialQuote"/>
  <testcase name="providePrice" time="13.191" classname="com.bmi.test.NewCommercialQuote"/>
  <testcase name="GenerateDoc" time="3.502" classname="com.bmi.test.NewCommercialQuote"/>
  <testcase name="finalizeQuote" time="7.995" classname="com.bmi.test.NewCommercialQuote"/>
</testsuite> <!-- com.bmi.test.NewCommercialQuote -->
