<?xml version="1.0" encoding="UTF-8"?>
<!-- Generated by org.testng.reporters.JUnitReportReporter -->
<testsuite skipped="0" hostname="PBNHMYD" name="com.bmi.test.NewMailbackQuote" tests="1" failures="0" timestamp="03 Jul 2017 02:48:34 GMT" time="134.154" errors="0">
  <testcase name="createMailBackQuote" time="134.154" classname="com.bmi.test.NewMailbackQuote"/>
</testsuite> <!-- com.bmi.test.NewMailbackQuote -->
