<?xml version="1.0" encoding="UTF-8"?>
<!-- Generated by org.testng.reporters.JUnitReportReporter -->
<testsuite skipped="0" hostname="PBNHMYD" name="com.bmi.test.NewIndustrialQuote" tests="1" failures="0" timestamp="03 Jul 2017 02:41:56 GMT" time="129.876" errors="0">
  <testcase name="createIndQuote" time="129.876" classname="com.bmi.test.NewIndustrialQuote"/>
</testsuite> <!-- com.bmi.test.NewIndustrialQuote -->
