<?xml version="1.0" encoding="UTF-8"?>
<!-- Generated by org.testng.reporters.JUnitReportReporter -->
<testsuite skipped="0" hostname="PBNHMYD" name="com.bmi.rough.ExcelUtility" tests="1" failures="0" timestamp="27 Jun 2017 05:05:26 GMT" time="0.722" errors="0">
  <testcase name="readExcel" time="0.722" classname="com.bmi.rough.ExcelUtility"/>
</testsuite> <!-- com.bmi.rough.ExcelUtility -->
