<?xml version="1.0" encoding="UTF-8"?>
<!-- Generated by org.testng.reporters.JUnitReportReporter -->
<testsuite skipped="0" hostname="PBNHMYD" name="com.bmi.rough.Test1" tests="1" failures="0" timestamp="24 Jun 2017 02:27:15 GMT" time="0.027" errors="0">
  <testcase name="sample" time="0.027" classname="com.bmi.rough.Test1"/>
</testsuite> <!-- com.bmi.rough.Test1 -->
