<?xml version="1.0" encoding="UTF-8"?>
<!-- Generated by org.testng.reporters.JUnitReportReporter -->
<testsuite skipped="0" hostname="PBNHMYD" name="com.bmi.test.ExistingCommercialQuote" tests="9" failures="0" timestamp="02 Jul 2017 18:19:29 GMT" time="120.789" errors="0">
  <testcase name="openBrowser" time="22.061" classname="com.bmi.test.ExistingCommercialQuote"/>
  <testcase name="navigateToQuoteCreation" time="8.524" classname="com.bmi.test.ExistingCommercialQuote"/>
  <testcase name="StartNewQuote_1" time="11.606" classname="com.bmi.test.ExistingCommercialQuote"/>
  <testcase name="searchCustomer" time="34.202" classname="com.bmi.test.ExistingCommercialQuote"/>
  <testcase name="serviceConfigure" time="7.748" classname="com.bmi.test.ExistingCommercialQuote"/>
  <testcase name="selectservice" time="10.745" classname="com.bmi.test.ExistingCommercialQuote"/>
  <testcase name="providePrice" time="9.243" classname="com.bmi.test.ExistingCommercialQuote"/>
  <testcase name="generateDocument" time="2.507" classname="com.bmi.test.ExistingCommercialQuote"/>
  <testcase name="finalizeQuote" time="14.153" classname="com.bmi.test.ExistingCommercialQuote"/>
</testsuite> <!-- com.bmi.test.ExistingCommercialQuote -->
