<?xml version="1.0" encoding="UTF-8"?>
<!-- Generated by org.testng.reporters.JUnitReportReporter -->
<testsuite skipped="0" hostname="PBNHMYD" name="com.bmi.test.NewCommercialQuote" tests="1" failures="0" timestamp="16 Jul 2017 03:05:20 GMT" time="116.904" errors="0">
  <testcase name="StartBrowser" time="116.904" classname="com.bmi.test.NewCommercialQuote"/>
</testsuite> <!-- com.bmi.test.NewCommercialQuote -->
