<?xml version="1.0" encoding="UTF-8"?>
<!-- Generated by org.testng.reporters.JUnitReportReporter -->
<testsuite skipped="0" hostname="PBNHMYD" name="com.bmi.test.ExistingCommercialQuote" tests="1" failures="0" timestamp="16 Jul 2017 03:05:21 GMT" time="126.720" errors="0">
  <testcase name="openBrowser" time="126.720" classname="com.bmi.test.ExistingCommercialQuote"/>
</testsuite> <!-- com.bmi.test.ExistingCommercialQuote -->
