<?xml version="1.0" encoding="UTF-8"?>
<!-- Generated by org.testng.reporters.JUnitReportReporter -->
<testsuite skipped="0" hostname="PBNHMYD" name="com.bmi.test.NewIndustrialQuote" tests="1" failures="0" timestamp="16 Jul 2017 03:05:21 GMT" time="134.632" errors="0">
  <testcase name="createIndQuote" time="134.632" classname="com.bmi.test.NewIndustrialQuote"/>
</testsuite> <!-- com.bmi.test.NewIndustrialQuote -->
