<?xml version="1.0" encoding="UTF-8"?>
<!-- Generated by org.testng.reporters.JUnitReportReporter -->
<testsuite skipped="1" hostname="PBNHMYD" name="com.bmi.test.Test2" tests="1" failures="0" timestamp="11 Jul 2017 05:44:18 GMT" time="0.000" errors="0">
  <testcase name="sample2" time="0.000" classname="com.bmi.test.Test2">
    <skipped/>
  </testcase> <!-- sample2 -->
</testsuite> <!-- com.bmi.test.Test2 -->
