<?xml version="1.0" encoding="UTF-8"?>
<!-- Generated by org.testng.reporters.JUnitReportReporter -->
<testsuite skipped="0" hostname="PBNHMYD" name="com.bmi.rough.Test1" tests="1" failures="0" timestamp="09 Jul 2017 11:08:08 GMT" time="7.929" errors="0">
  <testcase name="sample1" time="7.929" classname="com.bmi.rough.Test1"/>
</testsuite> <!-- com.bmi.rough.Test1 -->
