<?xml version="1.0" encoding="UTF-8"?>
<!-- Generated by org.testng.reporters.JUnitReportReporter -->
<testsuite skipped="0" hostname="PBNHMYD" name="com.bmi.rough.DailyPractice" tests="1" failures="0" timestamp="09 Jul 2017 11:16:46 GMT" time="9.215" errors="0">
  <testcase name="demoMethod" time="9.215" classname="com.bmi.rough.DailyPractice"/>
</testsuite> <!-- com.bmi.rough.DailyPractice -->
