<?xml version="1.0" encoding="UTF-8"?>
<!-- Generated by org.testng.reporters.JUnitReportReporter -->
<testsuite skipped="0" hostname="PBNHMYD" name="com.bmi.rough.DailyPractice" tests="1" failures="0" timestamp="07 Jul 2017 03:00:12 GMT" time="17.605" errors="0">
  <testcase name="demoMethod" time="17.605" classname="com.bmi.rough.DailyPractice"/>
</testsuite> <!-- com.bmi.rough.DailyPractice -->
