<?xml version="1.0" encoding="UTF-8"?>
<!-- Generated by org.testng.reporters.JUnitReportReporter -->
<testsuite skipped="0" hostname="PBNHMYD" name="com.bmi.test.NewCommercialQuote" tests="8" failures="0" timestamp="12 Jul 2017 06:17:52 GMT" time="123.523" errors="0">
  <testcase name="StartBrowser" time="14.906" classname="com.bmi.test.NewCommercialQuote"/>
  <testcase name="navigateToQuoteCreation" time="8.748" classname="com.bmi.test.NewCommercialQuote"/>
  <testcase name="StartNewQuote" time="9.047" classname="com.bmi.test.NewCommercialQuote"/>
  <testcase name="FillSiteInfo" time="27.942" classname="com.bmi.test.NewCommercialQuote"/>
  <testcase name="selectServiceOfferings" time="33.270" classname="com.bmi.test.NewCommercialQuote"/>
  <testcase name="providePrice" time="17.030" classname="com.bmi.test.NewCommercialQuote"/>
  <testcase name="GenerateDoc" time="4.083" classname="com.bmi.test.NewCommercialQuote"/>
  <testcase name="finalizeQuote" time="8.497" classname="com.bmi.test.NewCommercialQuote"/>
</testsuite> <!-- com.bmi.test.NewCommercialQuote -->
