<?xml version="1.0" encoding="UTF-8"?>
<!-- Generated by org.testng.reporters.JUnitReportReporter -->
<testsuite skipped="0" hostname="PBNHMYD" name="com.bmi.test.NewIndustrialQuote" tests="1" failures="0" timestamp="12 Jul 2017 06:17:52 GMT" time="127.473" errors="0">
  <testcase name="createIndQuote" time="127.473" classname="com.bmi.test.NewIndustrialQuote"/>
</testsuite> <!-- com.bmi.test.NewIndustrialQuote -->
