<?xml version="1.0" encoding="UTF-8"?>
<!-- Generated by org.testng.reporters.JUnitReportReporter -->
<testsuite skipped="0" hostname="PBNHMYD" name="com.bmi.test.NewMailbackQuote" tests="1" failures="0" timestamp="12 Jul 2017 06:17:52 GMT" time="137.463" errors="0">
  <testcase name="createMailBackQuote" time="137.463" classname="com.bmi.test.NewMailbackQuote"/>
</testsuite> <!-- com.bmi.test.NewMailbackQuote -->
